<?xml version="1.0" encoding="UTF-8"?>
<testng-results ignored="0" total="0" passed="0" failed="0" skipped="0">
  <reporter-output>
  </reporter-output>
  <suite started-at="2025-06-10T21:21:22 IST" name="Suite" finished-at="2025-06-10T21:21:22 IST" duration-ms="0">
    <groups>
      <group name="Errorvalidation">
        <method signature="errorValidation.login_1_error()[pri:0, instance:learning.framework.errorValidation@51a9ad5e]" name="login_1_error" class="learning.framework.errorValidation"/>
        <method signature="errorValidation.login_2_error()[pri:0, instance:learning.framework.errorValidation@51a9ad5e]" name="login_2_error" class="learning.framework.errorValidation"/>
      </group> <!-- Errorvalidation -->
      <group name="purchase">
        <method signature="standAloneTest2.submitorder(java.util.HashMap)[pri:0, instance:learning.framework.standAloneTest2@50029372]" name="submitorder" class="learning.framework.standAloneTest2"/>
      </group> <!-- purchase -->
    </groups>
  </suite> <!-- Suite -->
</testng-results>
