<?xml version="1.0" encoding="UTF-8"?>
<!-- Generated by org.testng.reporters.JUnitXMLReporter -->
<testsuite ignored="0" hostname="DESKTOP-G61C56A" failures="0" tests="3" name="Errorvalidation" time="11.769" errors="0" timestamp="2025-06-18T21:41:01 IST">
  <testcase classname="learning.framework.errorValidation" name="login_1_error" time="0.0">
    <skipped/>
  </testcase> <!-- login_1_error -->
  <testcase classname="learning.framework.errorValidation" name="login_2_error" time="0.007">
    <skipped/>
  </testcase> <!-- login_2_error -->
  <testcase classname="learning.framework.errorValidation" name="product_error" time="0.0">
    <skipped/>
  </testcase> <!-- product_error -->
</testsuite> <!-- Errorvalidation -->
